<?xml version="1.0" encoding="UTF-8"?>
<testng-results ignored="0" total="2" passed="2" failed="0" skipped="0">
  <reporter-output>
  </reporter-output>
  <suite started-at="2023-11-30T19:48:22 IST" name="Default suite" finished-at="2023-11-30T19:48:23 IST" duration-ms="1183">
    <groups>
    </groups>
    <test started-at="2023-11-30T19:48:22 IST" name="Default test" finished-at="2023-11-30T19:48:23 IST" duration-ms="1183">
      <class name="testScripts.PlaceOrderTest">
        <test-method is-config="true" signature="setup()[pri:0, instance:testScripts.PlaceOrderTest@5ffc5491]" started-at="2023-11-30T19:48:22 IST" name="setup" finished-at="2023-11-30T19:48:23 IST" duration-ms="569" status="PASS">
          <reporter-output>
          </reporter-output>
        </test-method> <!-- setup -->
        <test-method signature="addItem()[pri:0, instance:testScripts.PlaceOrderTest@5ffc5491]" started-at="2023-11-30T19:48:23 IST" name="addItem" finished-at="2023-11-30T19:48:23 IST" duration-ms="199" status="PASS">
          <reporter-output>
          </reporter-output>
        </test-method> <!-- addItem -->
        <test-method signature="checkoutItems()[pri:0, instance:testScripts.PlaceOrderTest@5ffc5491]" started-at="2023-11-30T19:48:23 IST" name="checkoutItems" finished-at="2023-11-30T19:48:23 IST" duration-ms="391" status="PASS">
          <reporter-output>
          </reporter-output>
        </test-method> <!-- checkoutItems -->
        <test-method is-config="true" signature="tearDown()[pri:0, instance:testScripts.PlaceOrderTest@5ffc5491]" started-at="2023-11-30T19:48:23 IST" name="tearDown" finished-at="2023-11-30T19:48:23 IST" duration-ms="0" status="PASS">
          <reporter-output>
          </reporter-output>
        </test-method> <!-- tearDown -->
      </class> <!-- testScripts.PlaceOrderTest -->
    </test> <!-- Default test -->
  </suite> <!-- Default suite -->
</testng-results>
